Arguments: 
  /usr/local/Cellar/node/5.11.0/bin/node /usr/local/bin/yarn add perfect-scrollbar

PATH: 
  /usr/local/opt/mysql@5.5/bin:/Users/SDUCLY/phantomjs-2.1.1-macosx/bin:/usr/local/bin:/usr/local/sbin:/usr/local/bin:/usr/bin:/bin:/usr/sbin:/sbin:/Applications/Genymotion.app/Contents/MacOS/tools:/opt/X11/bin:/usr/local/opt/mysql@5.5/bin:/Users/SDUCLY/phantomjs-2.1.1-macosx/bin:/usr/local/sbin

Yarn version: 
  1.3.2

Node version: 
  9.4.0

Platform: 
  darwin x64

npm manifest: 
  {
    "name": "todo_review",
    "version": "1.0.0",
    "main": "index.js",
    "author": "S. DUCLY",
    "license": "MIT",
    "scripts": {
      "start": "yarn run start_bo | yarn run start_fo",
      "install": "yarn run install_bo && yarn run install_fo",
      "start_bo": "cd bo && yarn run start",
      "start_fo": "cd fo && yarn run start",
      "install_bo": "cd bo && yarn",
      "install_fo": "cd fo && yarn"
    }
  }

yarn manifest: 
  No manifest

Lockfile: 
  # THIS IS AN AUTOGENERATED FILE. DO NOT EDIT THIS FILE DIRECTLY.
  # yarn lockfile v1

Trace: 
  Error: getaddrinfo ENOTFOUND registry.yarnpkg.com registry.yarnpkg.com:443
      at errnoException (dns.js:55:10)
      at GetAddrInfoReqWrap.onlookup [as oncomplete] (dns.js:97:26)
